/home/lachlan/.rvm/rubies/ruby-2.1.2/bin/ruby extconf.rb 
checking for main() in -lpthread... yes
creating Makefile

make "DESTDIR=" clean

make "DESTDIR="
compiling accessor.cc
compiling handles.cc
compiling stack.cc
compiling string.cc
compiling constraints.cc
compiling function.cc
compiling init.cc
compiling invocation.cc
compiling date.cc
compiling v8.cc
compiling value.cc
compiling backref.cc
compiling signature.cc
compiling rr.cc
compiling gc.cc
compiling locker.cc
compiling array.cc
compiling object.cc
compiling script.cc
compiling message.cc
compiling constants.cc
compiling primitive.cc
compiling template.cc
compiling exception.cc
compiling trycatch.cc
compiling external.cc
compiling heap.cc
compiling context.cc
linking shared-object v8/init.so

make "DESTDIR=" install
/usr/bin/install -m 0755 init.so ./.gem.20150206-3802-1b6irl3/v8
installing default init libraries
