/home/lachlan/.rvm/rubies/ruby-2.1.2/bin/ruby extconf.rb 
checking for gmake... no
checking for make... yes
 -- /usr/bin/make -f Makefile.embed
checking for main() in -lgit2_embed... yes
checking for git2.h... yes
creating Makefile

make "DESTDIR=" clean

make "DESTDIR="
compiling rugged_diff_patch.c
compiling rugged_commit.c
compiling rugged_diff.c
compiling rugged_note.c
compiling rugged_revwalk.c
compiling rugged_settings.c
compiling rugged_config.c
compiling rugged_signature.c
compiling rugged_object.c
compiling rugged_diff_delta.c
compiling rugged_tag.c
compiling rugged_tree.c
compiling rugged_remote.c
compiling rugged_index.c
rugged_index.c: In function ‘rb_git_index_update_all’:
rugged_index.c:455:2: warning: ISO C90 forbids mixed declarations and code [-Wdeclaration-after-statement]
  git_index *index;
  ^
compiling rugged_repo.c
compiling rugged_branch.c
compiling rugged_blob.c
compiling rugged.c
compiling rugged_diff_hunk.c
compiling rugged_diff_line.c
compiling rugged_reference.c
linking shared-object rugged/rugged.so

make "DESTDIR=" install
/usr/bin/install -m 0755 rugged.so ./.gem.20150206-3802-1ph9ms5/rugged
installing default rugged libraries
